# JRE version: Java(TM) SE Runtime Environment 18.9 (11.0.11+9) (build 11.0.11+9-LTS-194)
# Java VM: Java HotSpot(TM) 64-Bit Server VM 18.9 (11.0.11+9-LTS-194, mixed mode, tiered, compressed oops, g1 gc, windows-amd64)
Heap:
 garbage-first heap   total 630784K, used 415373K [0x0000000600c00000, 0x0000000800000000)
  region size 2048K, 167 young (342016K), 2 survivors (4096K)
 Metaspace       used 39159K, capacity 39690K, committed 39984K, reserved 1085440K
  class space    used 4016K, capacity 4178K, committed 4224K, reserved 1048576K
GC Heap History (10 events):
Event: 146.275 GC heap before
{Heap before GC invocations=20 (full 0):
 garbage-first heap   total 630784K, used 303798K [0x0000000600c00000, 0x0000000800000000)
  region size 2048K, 112 young (229376K), 2 survivors (4096K)
 Metaspace       used 38057K, capacity 38570K, committed 38704K, reserved 1083392K
  class space    used 3959K, capacity 4146K, committed 4224K, reserved 1048576K
}
Event: 146.278 GC heap after
{Heap after GC invocations=21 (full 0):
 garbage-first heap   total 630784K, used 78505K [0x0000000600c00000, 0x0000000800000000)
  region size 2048K, 2 young (4096K), 2 survivors (4096K)
 Metaspace       used 38057K, capacity 38570K, committed 38704K, reserved 1083392K
  class space    used 3959K, capacity 4146K, committed 4224K, reserved 1048576K
}
Event: 235.565 GC heap before
{Heap before GC invocations=21 (full 0):
 garbage-first heap   total 630784K, used 328361K [0x0000000600c00000, 0x0000000800000000)
  region size 2048K, 124 young (253952K), 2 survivors (4096K)
 Metaspace       used 38231K, capacity 38762K, committed 38960K, reserved 1083392K
  class space    used 3968K, capacity 4146K, committed 4224K, reserved 1048576K
}
Event: 235.568 GC heap after
{Heap after GC invocations=22 (full 0):
 garbage-first heap   total 630784K, used 78484K [0x0000000600c00000, 0x0000000800000000)
  region size 2048K, 2 young (4096K), 2 survivors (4096K)
 Metaspace       used 38231K, capacity 38762K, committed 38960K, reserved 1083392K
  class space    used 3968K, capacity 4146K, committed 4224K, reserved 1048576K
}
Event: 325.216 GC heap before
{Heap before GC invocations=22 (full 0):
 garbage-first heap   total 630784K, used 352916K [0x0000000600c00000, 0x0000000800000000)
  region size 2048K, 136 young (278528K), 2 survivors (4096K)
 Metaspace       used 38313K, capacity 38826K, committed 38960K, reserved 1083392K
  class space    used 3972K, capacity 4146K, committed 4224K, reserved 1048576K
}
Event: 325.218 GC heap after
{Heap after GC invocations=23 (full 0):
 garbage-first heap   total 630784K, used 78541K [0x0000000600c00000, 0x0000000800000000)
  region size 2048K, 2 young (4096K), 2 survivors (4096K)
 Metaspace       used 38313K, capacity 38826K, committed 38960K, reserved 1083392K
  class space    used 3972K, capacity 4146K, committed 4224K, reserved 1048576K
}
Event: 452.107 GC heap before
{Heap before GC invocations=23 (full 0):
 garbage-first heap   total 630784K, used 375501K [0x0000000600c00000, 0x0000000800000000)
  region size 2048K, 147 young (301056K), 2 survivors (4096K)
 Metaspace       used 38683K, capacity 39242K, committed 39472K, reserved 1085440K
  class space    used 3991K, capacity 4178K, committed 4224K, reserved 1048576K
}
Event: 452.109 GC heap after
{Heap after GC invocations=24 (full 0):
 garbage-first heap   total 630784K, used 79322K [0x0000000600c00000, 0x0000000800000000)
  region size 2048K, 2 young (4096K), 2 survivors (4096K)
 Metaspace       used 38683K, capacity 39242K, committed 39472K, reserved 1085440K
  class space    used 3991K, capacity 4178K, committed 4224K, reserved 1048576K
}
Event: 568.965 GC heap before
{Heap before GC invocations=24 (full 0):
 garbage-first heap   total 630784K, used 402906K [0x0000000600c00000, 0x0000000800000000)
  region size 2048K, 160 young (327680K), 2 survivors (4096K)
 Metaspace       used 39081K, capacity 39626K, committed 39728K, reserved 1085440K
  class space    used 4012K, capacity 4178K, committed 4224K, reserved 1048576K
}
Event: 568.967 GC heap after
{Heap after GC invocations=25 (full 0):
 garbage-first heap   total 630784K, used 79501K [0x0000000600c00000, 0x0000000800000000)
  region size 2048K, 2 young (4096K), 2 survivors (4096K)
 Metaspace       used 39081K, capacity 39626K, committed 39728K, reserved 1085440K
  class space    used 4012K, capacity 4178K, committed 4224K, reserved 1048576K
}

