# JRE version: Java(TM) SE Runtime Environment 18.9 (11.0.11+9) (build 11.0.11+9-LTS-194)
# Java VM: Java HotSpot(TM) 64-Bit Server VM 18.9 (11.0.11+9-LTS-194, mixed mode, tiered, compressed oops, g1 gc, windows-amd64)
Heap:
 garbage-first heap   total 630784K, used 294994K [0x0000000600c00000, 0x0000000800000000)
  region size 2048K, 106 young (217088K), 1 survivors (2048K)
 Metaspace       used 41210K, capacity 41877K, committed 42160K, reserved 1087488K
  class space    used 4191K, capacity 4490K, committed 4608K, reserved 1048576K
GC Heap History (10 events):
Event: 1188.825 GC heap before
{Heap before GC invocations=97 (full 0):
 garbage-first heap   total 630784K, used 456685K [0x0000000600c00000, 0x0000000800000000)
  region size 2048K, 184 young (376832K), 1 survivors (2048K)
 Metaspace       used 40881K, capacity 41589K, committed 41776K, reserved 1087488K
  class space    used 4173K, capacity 4458K, committed 4480K, reserved 1048576K
}
Event: 1188.825 GC heap after
{Heap after GC invocations=98 (full 0):
 garbage-first heap   total 630784K, used 81931K [0x0000000600c00000, 0x0000000800000000)
  region size 2048K, 1 young (2048K), 1 survivors (2048K)
 Metaspace       used 40881K, capacity 41589K, committed 41776K, reserved 1087488K
  class space    used 4173K, capacity 4458K, committed 4480K, reserved 1048576K
}
Event: 1203.979 GC heap before
{Heap before GC invocations=98 (full 0):
 garbage-first heap   total 630784K, used 456715K [0x0000000600c00000, 0x0000000800000000)
  region size 2048K, 184 young (376832K), 1 survivors (2048K)
 Metaspace       used 40881K, capacity 41589K, committed 41776K, reserved 1087488K
  class space    used 4173K, capacity 4458K, committed 4480K, reserved 1048576K
}
Event: 1203.980 GC heap after
{Heap after GC invocations=99 (full 0):
 garbage-first heap   total 630784K, used 81948K [0x0000000600c00000, 0x0000000800000000)
  region size 2048K, 1 young (2048K), 1 survivors (2048K)
 Metaspace       used 40881K, capacity 41589K, committed 41776K, reserved 1087488K
  class space    used 4173K, capacity 4458K, committed 4480K, reserved 1048576K
}
Event: 1222.706 GC heap before
{Heap before GC invocations=99 (full 0):
 garbage-first heap   total 630784K, used 456732K [0x0000000600c00000, 0x0000000800000000)
  region size 2048K, 184 young (376832K), 1 survivors (2048K)
 Metaspace       used 41210K, capacity 41877K, committed 42160K, reserved 1087488K
  class space    used 4191K, capacity 4490K, committed 4608K, reserved 1048576K
}
Event: 1222.707 GC heap after
{Heap after GC invocations=100 (full 0):
 garbage-first heap   total 630784K, used 81967K [0x0000000600c00000, 0x0000000800000000)
  region size 2048K, 1 young (2048K), 1 survivors (2048K)
 Metaspace       used 41210K, capacity 41877K, committed 42160K, reserved 1087488K
  class space    used 4191K, capacity 4490K, committed 4608K, reserved 1048576K
}
Event: 1238.806 GC heap before
{Heap before GC invocations=100 (full 0):
 garbage-first heap   total 630784K, used 456751K [0x0000000600c00000, 0x0000000800000000)
  region size 2048K, 184 young (376832K), 1 survivors (2048K)
 Metaspace       used 41210K, capacity 41877K, committed 42160K, reserved 1087488K
  class space    used 4191K, capacity 4490K, committed 4608K, reserved 1048576K
}
Event: 1238.806 GC heap after
{Heap after GC invocations=101 (full 0):
 garbage-first heap   total 630784K, used 81983K [0x0000000600c00000, 0x0000000800000000)
  region size 2048K, 1 young (2048K), 1 survivors (2048K)
 Metaspace       used 41210K, capacity 41877K, committed 42160K, reserved 1087488K
  class space    used 4191K, capacity 4490K, committed 4608K, reserved 1048576K
}
Event: 1253.682 GC heap before
{Heap before GC invocations=101 (full 0):
 garbage-first heap   total 630784K, used 456767K [0x0000000600c00000, 0x0000000800000000)
  region size 2048K, 184 young (376832K), 1 survivors (2048K)
 Metaspace       used 41210K, capacity 41877K, committed 42160K, reserved 1087488K
  class space    used 4191K, capacity 4490K, committed 4608K, reserved 1048576K
}
Event: 1253.682 GC heap after
{Heap after GC invocations=102 (full 0):
 garbage-first heap   total 630784K, used 82002K [0x0000000600c00000, 0x0000000800000000)
  region size 2048K, 1 young (2048K), 1 survivors (2048K)
 Metaspace       used 41210K, capacity 41877K, committed 42160K, reserved 1087488K
  class space    used 4191K, capacity 4490K, committed 4608K, reserved 1048576K
}

